Performing C++ SOURCE FILE Test CMAKE_HAVE_LIBC_PTHREAD failed with the following output:
Change Dir: /home/giangvp99/AndroidStudioProjects/ru/iu3/libs/spdlog/build/x86_64/CMakeFiles/CMakeTmp

Run Build Command(s):/usr/bin/make cmTC_3bce4/fast && /usr/bin/make  -f CMakeFiles/cmTC_3bce4.dir/build.make CMakeFiles/cmTC_3bce4.dir/build
make[1]: Entering directory '/home/giangvp99/AndroidStudioProjects/ru/iu3/libs/spdlog/build/x86_64/CMakeFiles/CMakeTmp'
Building CXX object CMakeFiles/cmTC_3bce4.dir/src.cxx.o
/home/giangvp99/Android/Sdk/ndk/23.1.7779620/toolchains/llvm/prebuilt/linux-x86_64/bin/clang++ --target=x86_64-none-linux-android21 --gcc-toolchain=/home/giangvp99/Android/Sdk/ndk/23.1.7779620/toolchains/llvm/prebuilt/linux-x86_64 --sysroot=/home/giangvp99/Android/Sdk/ndk/23.1.7779620/toolchains/llvm/prebuilt/linux-x86_64/sysroot   -g -DANDROID -fdata-sections -ffunction-sections -funwind-tables -fstack-protector-strong -no-canonical-prefixes -D_FORTIFY_SOURCE=2 -Wformat -Werror=format-security  -DSPDLOG_COMPILED_LIB -DCMAKE_HAVE_LIBC_PTHREAD -fPIE -std=c++11 -o CMakeFiles/cmTC_3bce4.dir/src.cxx.o -c /home/giangvp99/AndroidStudioProjects/ru/iu3/libs/spdlog/build/x86_64/CMakeFiles/CMakeTmp/src.cxx
/home/giangvp99/AndroidStudioProjects/ru/iu3/libs/spdlog/build/x86_64/CMakeFiles/CMakeTmp/src.cxx:13:3: error: use of undeclared identifier 'pthread_cancel'
  pthread_cancel(thread);
  ^
1 error generated.
make[1]: *** [CMakeFiles/cmTC_3bce4.dir/build.make:85: CMakeFiles/cmTC_3bce4.dir/src.cxx.o] Error 1
make[1]: Leaving directory '/home/giangvp99/AndroidStudioProjects/ru/iu3/libs/spdlog/build/x86_64/CMakeFiles/CMakeTmp'
make: *** [Makefile:140: cmTC_3bce4/fast] Error 2


Source file was:
#include <pthread.h>

void* test_func(void* data)
{
  return data;
}

int main(void)
{
  pthread_t thread;
  pthread_create(&thread, NULL, test_func, NULL);
  pthread_detach(thread);
  pthread_cancel(thread);
  pthread_join(thread, NULL);
  pthread_atfork(NULL, NULL, NULL);
  pthread_exit(NULL);

  return 0;
}

Determining if the function pthread_create exists in the pthreads failed with the following output:
Change Dir: /home/giangvp99/AndroidStudioProjects/ru/iu3/libs/spdlog/build/x86_64/CMakeFiles/CMakeTmp

Run Build Command(s):/usr/bin/make cmTC_72af9/fast && /usr/bin/make  -f CMakeFiles/cmTC_72af9.dir/build.make CMakeFiles/cmTC_72af9.dir/build
make[1]: Entering directory '/home/giangvp99/AndroidStudioProjects/ru/iu3/libs/spdlog/build/x86_64/CMakeFiles/CMakeTmp'
Building CXX object CMakeFiles/cmTC_72af9.dir/CheckFunctionExists.cxx.o
/home/giangvp99/Android/Sdk/ndk/23.1.7779620/toolchains/llvm/prebuilt/linux-x86_64/bin/clang++ --target=x86_64-none-linux-android21 --gcc-toolchain=/home/giangvp99/Android/Sdk/ndk/23.1.7779620/toolchains/llvm/prebuilt/linux-x86_64 --sysroot=/home/giangvp99/Android/Sdk/ndk/23.1.7779620/toolchains/llvm/prebuilt/linux-x86_64/sysroot   -g -DANDROID -fdata-sections -ffunction-sections -funwind-tables -fstack-protector-strong -no-canonical-prefixes -D_FORTIFY_SOURCE=2 -Wformat -Werror=format-security  -DSPDLOG_COMPILED_LIB -DCHECK_FUNCTION_EXISTS=pthread_create -fPIE -std=c++11 -o CMakeFiles/cmTC_72af9.dir/CheckFunctionExists.cxx.o -c /home/giangvp99/AndroidStudioProjects/ru/iu3/libs/spdlog/build/x86_64/CMakeFiles/CheckLibraryExists/CheckFunctionExists.cxx
Linking CXX executable cmTC_72af9
/home/giangvp99/Android/Sdk/cmake/3.18.1/bin/cmake -E cmake_link_script CMakeFiles/cmTC_72af9.dir/link.txt --verbose=1
/home/giangvp99/Android/Sdk/ndk/23.1.7779620/toolchains/llvm/prebuilt/linux-x86_64/bin/clang++ --target=x86_64-none-linux-android21 --gcc-toolchain=/home/giangvp99/Android/Sdk/ndk/23.1.7779620/toolchains/llvm/prebuilt/linux-x86_64 --sysroot=/home/giangvp99/Android/Sdk/ndk/23.1.7779620/toolchains/llvm/prebuilt/linux-x86_64/sysroot -g -DANDROID -fdata-sections -ffunction-sections -funwind-tables -fstack-protector-strong -no-canonical-prefixes -D_FORTIFY_SOURCE=2 -Wformat -Werror=format-security  -DSPDLOG_COMPILED_LIB -DCHECK_FUNCTION_EXISTS=pthread_create -static-libstdc++ -Wl,--build-id=sha1 -Wl,--no-rosegment -Wl,--fatal-warnings -Wl,--no-undefined -Qunused-arguments -Wl,--gc-sections   CMakeFiles/cmTC_72af9.dir/CheckFunctionExists.cxx.o -o cmTC_72af9  -lpthreads -latomic -lm 
ld: error: unable to find library -lpthreads
clang++: error: linker command failed with exit code 1 (use -v to see invocation)
make[1]: *** [CMakeFiles/cmTC_72af9.dir/build.make:106: cmTC_72af9] Error 1
make[1]: Leaving directory '/home/giangvp99/AndroidStudioProjects/ru/iu3/libs/spdlog/build/x86_64/CMakeFiles/CMakeTmp'
make: *** [Makefile:140: cmTC_72af9/fast] Error 2



Determining if the function pthread_create exists in the pthread failed with the following output:
Change Dir: /home/giangvp99/AndroidStudioProjects/ru/iu3/libs/spdlog/build/x86_64/CMakeFiles/CMakeTmp

Run Build Command(s):/usr/bin/make cmTC_f4e31/fast && /usr/bin/make  -f CMakeFiles/cmTC_f4e31.dir/build.make CMakeFiles/cmTC_f4e31.dir/build
make[1]: Entering directory '/home/giangvp99/AndroidStudioProjects/ru/iu3/libs/spdlog/build/x86_64/CMakeFiles/CMakeTmp'
Building CXX object CMakeFiles/cmTC_f4e31.dir/CheckFunctionExists.cxx.o
/home/giangvp99/Android/Sdk/ndk/23.1.7779620/toolchains/llvm/prebuilt/linux-x86_64/bin/clang++ --target=x86_64-none-linux-android21 --gcc-toolchain=/home/giangvp99/Android/Sdk/ndk/23.1.7779620/toolchains/llvm/prebuilt/linux-x86_64 --sysroot=/home/giangvp99/Android/Sdk/ndk/23.1.7779620/toolchains/llvm/prebuilt/linux-x86_64/sysroot   -g -DANDROID -fdata-sections -ffunction-sections -funwind-tables -fstack-protector-strong -no-canonical-prefixes -D_FORTIFY_SOURCE=2 -Wformat -Werror=format-security  -DSPDLOG_COMPILED_LIB -DCHECK_FUNCTION_EXISTS=pthread_create -fPIE -std=c++11 -o CMakeFiles/cmTC_f4e31.dir/CheckFunctionExists.cxx.o -c /home/giangvp99/AndroidStudioProjects/ru/iu3/libs/spdlog/build/x86_64/CMakeFiles/CheckLibraryExists/CheckFunctionExists.cxx
Linking CXX executable cmTC_f4e31
/home/giangvp99/Android/Sdk/cmake/3.18.1/bin/cmake -E cmake_link_script CMakeFiles/cmTC_f4e31.dir/link.txt --verbose=1
/home/giangvp99/Android/Sdk/ndk/23.1.7779620/toolchains/llvm/prebuilt/linux-x86_64/bin/clang++ --target=x86_64-none-linux-android21 --gcc-toolchain=/home/giangvp99/Android/Sdk/ndk/23.1.7779620/toolchains/llvm/prebuilt/linux-x86_64 --sysroot=/home/giangvp99/Android/Sdk/ndk/23.1.7779620/toolchains/llvm/prebuilt/linux-x86_64/sysroot -g -DANDROID -fdata-sections -ffunction-sections -funwind-tables -fstack-protector-strong -no-canonical-prefixes -D_FORTIFY_SOURCE=2 -Wformat -Werror=format-security  -DSPDLOG_COMPILED_LIB -DCHECK_FUNCTION_EXISTS=pthread_create -static-libstdc++ -Wl,--build-id=sha1 -Wl,--no-rosegment -Wl,--fatal-warnings -Wl,--no-undefined -Qunused-arguments -Wl,--gc-sections   CMakeFiles/cmTC_f4e31.dir/CheckFunctionExists.cxx.o -o cmTC_f4e31  -lpthread -latomic -lm 
ld: error: unable to find library -lpthread
clang++: error: linker command failed with exit code 1 (use -v to see invocation)
make[1]: *** [CMakeFiles/cmTC_f4e31.dir/build.make:106: cmTC_f4e31] Error 1
make[1]: Leaving directory '/home/giangvp99/AndroidStudioProjects/ru/iu3/libs/spdlog/build/x86_64/CMakeFiles/CMakeTmp'
make: *** [Makefile:140: cmTC_f4e31/fast] Error 2



